<?xml version="1.0" encoding="UTF-8"?>
<coverage generated="1652697756961" clover="3.2.0">
  <project timestamp="1652697756962" name="All files">
    <metrics statements="18" coveredstatements="12" conditionals="0" coveredconditionals="0" methods="9" coveredmethods="4" elements="27" coveredelements="16" complexity="0" loc="18" ncloc="18" packages="1" files="1" classes="1"/>
    <file name="Asteroid.tsx" path="C:\Users\pc\Desktop\extended-tasks\expo-nasa\my-app\src\Asteroid.tsx">
      <metrics statements="18" coveredstatements="12" conditionals="0" coveredconditionals="0" methods="9" coveredmethods="4"/>
      <line num="14" count="1" type="stmt"/>
      <line num="15" count="6" type="stmt"/>
      <line num="16" count="6" type="stmt"/>
      <line num="17" count="6" type="stmt"/>
      <line num="19" count="6" type="stmt"/>
      <line num="20" count="0" type="stmt"/>
      <line num="21" count="0" type="stmt"/>
      <line num="22" count="0" type="stmt"/>
      <line num="25" count="6" type="stmt"/>
      <line num="26" count="1" type="stmt"/>
      <line num="27" count="1" type="stmt"/>
      <line num="30" count="1" type="stmt"/>
      <line num="31" count="1" type="stmt"/>
      <line num="34" count="1" type="stmt"/>
      <line num="36" count="0" type="stmt"/>
      <line num="40" count="6" type="stmt"/>
      <line num="47" count="0" type="stmt"/>
      <line num="74" count="0" type="stmt"/>
    </file>
  </project>
</coverage>
