{"C:\\Users\\pc\\Desktop\\extended-tasks\\expo-nasa\\my-app\\src\\Asteroid.tsx": {"path":"C:\\Users\\pc\\Desktop\\extended-tasks\\expo-nasa\\my-app\\src\\Asteroid.tsx","statementMap":{"0":{"start":{"line":14,"column":17},"end":{"line":95,"column":1}},"1":{"start":{"line":15,"column":22},"end":{"line":15,"column":49}},"2":{"start":{"line":16,"column":14},"end":{"line":16,"column":56}},"3":{"start":{"line":17,"column":24},"end":{"line":17,"column":37}},"4":{"start":{"line":19,"column":22},"end":{"line":23,"column":3}},"5":{"start":{"line":20,"column":4},"end":{"line":22,"column":66}},"6":{"start":{"line":21,"column":21},"end":{"line":21,"column":31}},"7":{"start":{"line":22,"column":22},"end":{"line":22,"column":64}},"8":{"start":{"line":25,"column":17},"end":{"line":38,"column":3}},"9":{"start":{"line":26,"column":4},"end":{"line":37,"column":22}},"10":{"start":{"line":27,"column":24},"end":{"line":31,"column":48}},"11":{"start":{"line":30,"column":23},"end":{"line":30,"column":33}},"12":{"start":{"line":31,"column":24},"end":{"line":31,"column":47}},"13":{"start":{"line":34,"column":8},"end":{"line":34,"column":70}},"14":{"start":{"line":36,"column":6},"end":{"line":36,"column":29}},"15":{"start":{"line":40,"column":2},"end":{"line":94,"column":4}},"16":{"start":{"line":47,"column":29},"end":{"line":47,"column":50}},"17":{"start":{"line":74,"column":27},"end":{"line":74,"column":42}}},"fnMap":{"0":{"name":"(anonymous_0)","decl":{"start":{"line":14,"column":17},"end":{"line":14,"column":18}},"loc":{"start":{"line":14,"column":23},"end":{"line":95,"column":1}},"line":14},"1":{"name":"(anonymous_1)","decl":{"start":{"line":19,"column":22},"end":{"line":19,"column":23}},"loc":{"start":{"line":19,"column":35},"end":{"line":23,"column":3}},"line":19},"2":{"name":"(anonymous_2)","decl":{"start":{"line":21,"column":12},"end":{"line":21,"column":13}},"loc":{"start":{"line":21,"column":21},"end":{"line":21,"column":31}},"line":21},"3":{"name":"(anonymous_3)","decl":{"start":{"line":22,"column":12},"end":{"line":22,"column":13}},"loc":{"start":{"line":22,"column":22},"end":{"line":22,"column":64}},"line":22},"4":{"name":"(anonymous_4)","decl":{"start":{"line":25,"column":17},"end":{"line":25,"column":18}},"loc":{"start":{"line":25,"column":48},"end":{"line":38,"column":3}},"line":25},"5":{"name":"(anonymous_5)","decl":{"start":{"line":30,"column":14},"end":{"line":30,"column":15}},"loc":{"start":{"line":30,"column":23},"end":{"line":30,"column":33}},"line":30},"6":{"name":"(anonymous_6)","decl":{"start":{"line":31,"column":14},"end":{"line":31,"column":15}},"loc":{"start":{"line":31,"column":24},"end":{"line":31,"column":47}},"line":31},"7":{"name":"(anonymous_7)","decl":{"start":{"line":47,"column":22},"end":{"line":47,"column":23}},"loc":{"start":{"line":47,"column":29},"end":{"line":47,"column":50}},"line":47},"8":{"name":"(anonymous_8)","decl":{"start":{"line":74,"column":21},"end":{"line":74,"column":22}},"loc":{"start":{"line":74,"column":27},"end":{"line":74,"column":42}},"line":74}},"branchMap":{},"s":{"0":1,"1":6,"2":6,"3":6,"4":6,"5":0,"6":0,"7":0,"8":6,"9":1,"10":1,"11":1,"12":1,"13":1,"14":0,"15":6,"16":0,"17":0},"f":{"0":6,"1":0,"2":0,"3":0,"4":1,"5":1,"6":1,"7":0,"8":0},"b":{},"_coverageSchema":"1a1c01bbd47fc00a2c39e90264f33305004495a9","hash":"876c1f788de8de3281a6c93529a6300c5fbda200"}
}
