TN:
SF:src\Asteroid.tsx
FN:14,(anonymous_0)
FN:19,(anonymous_1)
FN:21,(anonymous_2)
FN:22,(anonymous_3)
FN:25,(anonymous_4)
FN:30,(anonymous_5)
FN:31,(anonymous_6)
FN:47,(anonymous_7)
FN:74,(anonymous_8)
FNF:9
FNH:4
FNDA:6,(anonymous_0)
FNDA:0,(anonymous_1)
FNDA:0,(anonymous_2)
FNDA:0,(anonymous_3)
FNDA:1,(anonymous_4)
FNDA:1,(anonymous_5)
FNDA:1,(anonymous_6)
FNDA:0,(anonymous_7)
FNDA:0,(anonymous_8)
DA:14,1
DA:15,6
DA:16,6
DA:17,6
DA:19,6
DA:20,0
DA:21,0
DA:22,0
DA:25,6
DA:26,1
DA:27,1
DA:30,1
DA:31,1
DA:34,1
DA:36,0
DA:40,6
DA:47,0
DA:74,0
LF:18
LH:12
BRF:0
BRH:0
end_of_record
